Extensions/ControlBuilderExtended.ts(49,24): error TS2352: Conversion of type 'Venue' to type 'VenueWorldExtended' may be a mistake because neither type sufficiently overlaps with the other. If this was intentional, convert the expression to 'unknown' first.
Extensions/ControlBuilderExtended.ts(49,24): error TS2352: Conversion of type 'Venue' to type 'VenueWorldExtended' may be a mistake because neither type sufficiently overlaps with the other. If this was intentional, convert the expression to 'unknown' first.
  Type 'Venue' is missing the following properties from type 'VenueWorldExtended': world, cameraEntity, selection, model, and 12 more.
Extensions/ControlBuilderExtended.ts(53,24): error TS2352: Conversion of type 'Venue' to type 'VenueStarsystem' may be a mistake because neither type sufficiently overlaps with the other. If this was intentional, convert the expression to 'unknown' first.
Extensions/ControlBuilderExtended.ts(53,24): error TS2352: Conversion of type 'Venue' to type 'VenueStarsystem' may be a mistake because neither type sufficiently overlaps with the other. If this was intentional, convert the expression to 'unknown' first.
  Type 'Venue' is missing the following properties from type 'VenueStarsystem': venueParent, starsystem, cursor, selection, and 20 more.
Extensions/ControlBuilderExtended.ts(68,25): error TS2352: Conversion of type 'Venue' to type 'VenueStarsystem' may be a mistake because neither type sufficiently overlaps with the other. If this was intentional, convert the expression to 'unknown' first.
Extensions/ControlBuilderExtended.ts(84,8): error TS2352: Conversion of type 'Venue' to type 'VenueStarsystem' may be a mistake because neither type sufficiently overlaps with the other. If this was intentional, convert the expression to 'unknown' first.
Extensions/ControlBuilderExtended.ts(104,24): error TS2352: Conversion of type 'Venue' to type 'VenueStarsystem' may be a mistake because neither type sufficiently overlaps with the other. If this was intentional, convert the expression to 'unknown' first.
Extensions/ControlBuilderExtended.ts(115,10): error TS2322: Type 'VenueStarsystem' is not assignable to type 'Venue'.
Extensions/ControlBuilderExtended.ts(178,20): error TS2352: Conversion of type 'Venue' to type 'VenueStarsystem' may be a mistake because neither type sufficiently overlaps with the other. If this was intentional, convert the expression to 'unknown' first.
Extensions/ControlBuilderExtended.ts(203,6): error TS2345: Argument of type 'DataBinding<Universe, number>' is not assignable to parameter of type 'DataBinding<Universe, string>'.
  The types returned by '_get(...)' are incompatible between these types.
    Type 'number' is not assignable to type 'string'.
Extensions/ControlBuilderExtended.ts(309,8): error TS2352: Conversion of type 'Venue' to type 'VenueStarsystem' may be a mistake because neither type sufficiently overlaps with the other. If this was intentional, convert the expression to 'unknown' first.
Extensions/ControlBuilderExtended.ts(329,8): error TS2352: Conversion of type 'Venue' to type 'VenueStarsystem' may be a mistake because neither type sufficiently overlaps with the other. If this was intentional, convert the expression to 'unknown' first.
Extensions/ControlBuilderExtended.ts(349,8): error TS2352: Conversion of type 'Venue' to type 'VenueStarsystem' may be a mistake because neither type sufficiently overlaps with the other. If this was intentional, convert the expression to 'unknown' first.
Extensions/ControlBuilderExtended.ts(369,8): error TS2352: Conversion of type 'Venue' to type 'VenueStarsystem' may be a mistake because neither type sufficiently overlaps with the other. If this was intentional, convert the expression to 'unknown' first.
Extensions/ControlBuilderExtended.ts(389,8): error TS2352: Conversion of type 'Venue' to type 'VenueStarsystem' may be a mistake because neither type sufficiently overlaps with the other. If this was intentional, convert the expression to 'unknown' first.
Extensions/ControlBuilderExtended.ts(409,8): error TS2352: Conversion of type 'Venue' to type 'VenueStarsystem' may be a mistake because neither type sufficiently overlaps with the other. If this was intentional, convert the expression to 'unknown' first.
Extensions/ControlBuilderExtended.ts(429,8): error TS2352: Conversion of type 'Venue' to type 'VenueStarsystem' may be a mistake because neither type sufficiently overlaps with the other. If this was intentional, convert the expression to 'unknown' first.
Factions/Faction.ts(92,6): error TS2345: Argument of type 'string' is not assignable to parameter of type 'DataBinding<unknown, string>'.
Factions/Faction.ts(148,6): error TS2345: Argument of type 'DataBinding<DiplomaticSession, string>' is not assignable to parameter of type 'DataBinding<Planet, string>'.
  Types of property 'context' are incompatible.
    Type 'DiplomaticSession' is not assignable to type 'Planet'.
Factions/Faction.ts(190,6): error TS2345: Argument of type 'DataBinding<DiplomaticSession, string>' is not assignable to parameter of type 'DataBinding<Ship, string>'.
  Types of property 'context' are incompatible.
    Type 'DiplomaticSession' is not assignable to type 'Ship'.
Factions/Faction.ts(266,6): error TS2345: Argument of type 'string' is not assignable to parameter of type 'DataBinding<unknown, string>'.
Factions/Faction.ts(279,6): error TS2345: Argument of type 'string' is not assignable to parameter of type 'DataBinding<unknown, string>'.
Factions/Faction.ts(342,6): error TS2345: Argument of type '(universe: Universe) => void' is not assignable to parameter of type '() => void'.
Factions/Faction.ts(359,6): error TS2345: Argument of type '(universe: Universe) => void' is not assignable to parameter of type '() => void'.
Framework/Source/Geometry/Collisions/CollisionTracker.ts(127,14): error TS2720: Class 'CollisionTrackerMapCell' incorrectly implements class 'MapCell'. Did you mean to extend 'MapCell' and inherit its members as a subclass?
  Type 'CollisionTrackerMapCell' is missing the following properties from type 'MapCell': pos, terrain, body
Framework/Source/Model/Usables/Device.ts(15,2): error TS2392: Multiple constructor implementations are not allowed.
Framework/Source/Model/Usables/Device.ts(28,3): error TS2322: Type '(uwpe: UniverseWorldPlaceEntities) => void' is not assignable to type '{ (uwpe: UniverseWorldPlaceEntities): void; (universe: Universe, world: World, place: Place, entity: Entity): void; }'.
  Types of parameters 'uwpe' and 'universe' are incompatible.
    Type 'Universe' is not assignable to type 'UniverseWorldPlaceEntities'.
Framework/Source/Model/Usables/Device.ts(46,2): error TS2393: Duplicate function implementation.
Framework/Stub/Source/Imports.ts(1,1): error TS6200: Definitions of the following identifiers conflict with those in another file: ControlNone, ControlTextarea, Controllable, Direction, Collision, CollisionTracker, Network, Arc, ShapeBase, Shell, Wedge, MapCell, MapOfCells, Transform_Dynamic, Transform_Multiple, Transform_Rotate2D, Transform_RotateRight, Transform_Scale, UserInputListener, TextString, EntityGenerator, Loadable, Playable, Selector, WorldDefn, Armor, Damage, DamageType, Damager, Enemy, Weapon, Effect, Effectable, Item, ItemBarterer, ItemContainer, ItemDefn, ItemHolder, ItemStore, Terrain, Boundable, Collidable, Movable, Obstacle, Portal, Traversable, PlaceDefn, PlaceZoned, Zone, Routable, Route, RouteNode, ByteStreamFromBytes, Randomizer
Framework/Stub/Source/Imports.ts(1,1): error TS6200: Definitions of the following identifiers conflict with those in another file: gf, RandomizerLCG, ArrayHelper, NumberHelper, StringHelper, Entity, EntityProperty, ControlActionNames, ControlBase, ControlBuilder, ControlButton, ControlContainer, ControlContainerTransparent, ControlLabel, ControlList, ControlScrollbar, ControlSelect, ControlSelectOption, ControlStyle, ControlTextBox, ControlVisual, DataBinding, VenueControls, VenueMessage, Color, Drawable, Display, Display2D, DisplayRecorder, VenueFader, VenueLayered, Visual, VisualGroup, VisualImageFromLibrary, VisualImageScaled, VisualNone, Camera, CollisionHelper, Coords, Disposition, Orientation, Polar, RangeExtent, Rotation, Box, BoxRotated, Cylinder, Edge, Face, Hemispace, Plane, Ray, ShapeContainer, ShapeGroupAll, ShapeGroupAny, ShapeInverse, Sphere, MapLocated, Mesh, Transform, Transform_Locate, Transform_Orient, Transform_Translate, Transformable, Transforms, ActionToInputsMapping, Input, InputHelper, Font, Image2, MediaLibrary, Sound, SoundHelper, VenueVideo, Video, VideoHelper, VisualSound, EntityBuilder, Namable, Universe, UniverseWorldPlaceEntities, Venue, VenueWorld, World, Action, Activity, ActivityDefn, Actor, Killable, Constrainable, Locatable, Place, Profile, FileHelper, Serializer, StorageHelper, VenueFileUpload, BitStream, ByteStreamFromString, CompressorLZW, DateTime, IDHelper, PlatformHelper, RandomizerSystem, Reference, TimerHelper, URLParser, ValueBreak, ValueBreakGroup, VenueTask
Framework/Stub/Source/WorldGame.ts(17,10): error TS2554: Expected 6 arguments, but got 1.
Framework/Stub/Tests/Imports.ts(1,1): error TS6200: Definitions of the following identifiers conflict with those in another file: ControlNone, ControlTextarea, Controllable, Direction, Collision, CollisionTracker, Network, Arc, ShapeBase, Shell, Wedge, MapCell, MapOfCells, Transform_Dynamic, Transform_Multiple, Transform_Rotate2D, Transform_RotateRight, Transform_Scale, UserInputListener, TextString, EntityGenerator, Loadable, Playable, Selector, WorldDefn, Armor, Damage, DamageType, Damager, Enemy, Weapon, Effect, Effectable, Item, ItemBarterer, ItemContainer, ItemDefn, ItemHolder, ItemStore, Terrain, Boundable, Collidable, Movable, Obstacle, Portal, Traversable, PlaceDefn, PlaceZoned, Zone, Routable, Route, RouteNode, ByteStreamFromBytes, Randomizer
Framework/Stub/Tests/Imports.ts(1,1): error TS6200: Definitions of the following identifiers conflict with those in another file: gf, RandomizerLCG, ArrayHelper, NumberHelper, StringHelper, EntityProperty, ControlActionNames, ControlBase, ControlBuilder, ControlButton, ControlContainer, ControlContainerTransparent, ControlLabel, ControlList, ControlScrollbar, ControlSelect, ControlSelectOption, ControlStyle, ControlTextBox, ControlVisual, DataBinding, VenueControls, VenueMessage, Color, Drawable, Display, Display2D, DisplayRecorder, VenueFader, VenueLayered, Visual, VisualCircle, VisualCircleGradient, VisualDirectional, VisualDynamic, VisualGroup, VisualImageFromLibrary, VisualImageImmediate, VisualImageScaled, VisualLine, VisualNone, VisualOffset, VisualPolygon, VisualRectangle, VisualSelect, VisualText, VisualAnimation, Camera, Coords, Disposition, Orientation, Polar, RangeExtent, Rotation, CollisionHelper, Box, BoxRotated, Cylinder, Edge, Face, Hemispace, Path, Plane, Ray, ShapeContainer, ShapeGroupAll, ShapeGroupAny, ShapeInverse, Sphere, MapLocated, Mesh, Transform, Transform_Locate, Transform_Orient, Transform_Translate, Transformable, Transforms, ActionToInputsMapping, Input, InputHelper, Font, Image2, MediaLibrary, Sound, SoundHelper, VenueVideo, Video, VideoHelper, VisualSound, Entity, EntityBuilder, Namable, Universe, UniverseWorldPlaceEntities, Venue, VenueWorld, World, Action, Activity, ActivityDefn, Actor, Killable, Constrainable, Locatable, Place, Profile, FileHelper, Serializer, StorageHelper, VenueFileUpload, BitStream, ByteStreamFromString, CompressorLZW, DateTime, IDHelper, PlatformHelper, RandomizerSystem, Reference, TimerHelper, URLParser, ValueBreak, ValueBreakGroup, VenueTask
Framework/Stub/Tests/Imports.ts(113,31): error TS2724: 'ThisCouldBeBetter.GameFramework' has no exported member named 'Constraint_Offset'. Did you mean 'Constraint_None'?
Framework/Stub/Tests/Mocks/MockEnvironment.ts(15,25): error TS2554: Expected 6 arguments, but got 1.
Framework/Stub/Tests/Tests/SampleTests.ts(18,19): error TS2345: Argument of type 'string' is not assignable to parameter of type 'Equatable<string>'.
Imports.ts(2,1): error TS6200: Definitions of the following identifiers conflict with those in another file: gf, RandomizerLCG, ArrayHelper, NumberHelper, StringHelper, Entity, EntityProperty, ControlActionNames, ControlBase, ControlBuilder, ControlButton, ControlContainer, ControlContainerTransparent, ControlLabel, ControlList, ControlScrollbar, ControlSelect, ControlSelectOption, ControlStyle, ControlTextBox, ControlVisual, DataBinding, VenueControls, VenueMessage, Color, Drawable, Display, Display2D, DisplayRecorder, VenueFader, VenueLayered, Visual, VisualGroup, VisualImageFromLibrary, VisualImageScaled, VisualNone, Camera, CollisionHelper, Coords, Disposition, Orientation, Polar, RangeExtent, Rotation, Box, BoxRotated, Cylinder, Edge, Face, Hemispace, Plane, Ray, ShapeContainer, ShapeGroupAll, ShapeGroupAny, ShapeInverse, Sphere, MapLocated, Mesh, Transform, Transform_Locate, Transform_Orient, Transform_Translate, Transformable, Transforms, ActionToInputsMapping, Input, InputHelper, Font, Image2, MediaLibrary, Sound, SoundHelper, VenueVideo, Video, VideoHelper, VisualSound, EntityBuilder, Namable, Universe, UniverseWorldPlaceEntities, Venue, VenueWorld, World, Action, Activity, ActivityDefn, Actor, Killable, Constrainable, Locatable, Place, Profile, FileHelper, Serializer, StorageHelper, VenueFileUpload, BitStream, ByteStreamFromString, CompressorLZW, DateTime, IDHelper, PlatformHelper, RandomizerSystem, Reference, TimerHelper, URLParser, ValueBreak, ValueBreakGroup, VenueTask
Imports.ts(2,1): error TS6200: Definitions of the following identifiers conflict with those in another file: gf, RandomizerLCG, ArrayHelper, NumberHelper, StringHelper, EntityProperty, ControlActionNames, ControlBase, ControlBuilder, ControlButton, ControlContainer, ControlContainerTransparent, ControlLabel, ControlList, ControlScrollbar, ControlSelect, ControlSelectOption, ControlStyle, ControlTextBox, ControlVisual, DataBinding, VenueControls, VenueMessage, Color, Drawable, Display, Display2D, DisplayRecorder, VenueFader, VenueLayered, Visual, VisualCircle, VisualCircleGradient, VisualDirectional, VisualDynamic, VisualGroup, VisualImageFromLibrary, VisualImageImmediate, VisualImageScaled, VisualLine, VisualNone, VisualOffset, VisualPolygon, VisualRectangle, VisualSelect, VisualText, VisualAnimation, Camera, Coords, Disposition, Orientation, Polar, RangeExtent, Rotation, CollisionHelper, Box, BoxRotated, Cylinder, Edge, Face, Hemispace, Path, Plane, Ray, ShapeContainer, ShapeGroupAll, ShapeGroupAny, ShapeInverse, Sphere, MapLocated, Mesh, Transform, Transform_Locate, Transform_Orient, Transform_Translate, Transformable, Transforms, ActionToInputsMapping, Input, InputHelper, Font, Image2, MediaLibrary, Sound, SoundHelper, VenueVideo, Video, VideoHelper, VisualSound, Entity, EntityBuilder, Namable, Universe, UniverseWorldPlaceEntities, Venue, VenueWorld, World, Action, Activity, ActivityDefn, Actor, Killable, Constrainable, Locatable, Place, Profile, FileHelper, Serializer, StorageHelper, VenueFileUpload, BitStream, ByteStreamFromString, CompressorLZW, DateTime, IDHelper, PlatformHelper, RandomizerSystem, Reference, TimerHelper, URLParser, ValueBreak, ValueBreakGroup, VenueTask
Layouts/Buildable.ts(34,32): error TS2314: Generic type 'Visual<T>' requires 1 type argument(s).
Layouts/MapLayout.ts(171,41): error TS2554: Expected 2 arguments, but got 5.
Layouts/MapLayout.ts(178,43): error TS2554: Expected 2 arguments, but got 5.
Layouts/MapLayout.ts(229,25): error TS2554: Expected 2 arguments, but got 5.
Layouts/MapLayout.ts(234,40): error TS2554: Expected 2 arguments, but got 5.
Layouts/VenueLayout.ts(129,6): error TS2345: Argument of type 'string' is not assignable to parameter of type 'DataBinding<unknown, string>'.
Layouts/VenueLayout.ts(143,45): error TS2345: Argument of type 'Buildable' is not assignable to parameter of type 'Entity'.
  Type 'Buildable' is missing the following properties from type 'Entity': id, name, properties, propertiesByName, and 49 more.
Layouts/VenueLayout.ts(244,51): error TS2314: Generic type 'ControlList<TContext, TItem, TValue>' requires 3 type argument(s).
Layouts/VenueLayout.ts(497,6): error TS2345: Argument of type 'DataBinding<Planet, number>' is not assignable to parameter of type 'DataBinding<Planet, string>'.
  The types returned by '_get(...)' are incompatible between these types.
    Type 'number' is not assignable to type 'string'.
Layouts/VenueLayout.ts(510,6): error TS2345: Argument of type 'DataBinding<Planet, number>' is not assignable to parameter of type 'DataBinding<Planet, string>'.
Layouts/VenueLayout.ts(523,6): error TS2345: Argument of type 'DataBinding<Planet, number>' is not assignable to parameter of type 'DataBinding<Planet, string>'.
Networks/Network.ts(386,39): error TS2345: Argument of type 'NetworkNode2[]' is not assignable to parameter of type 'Clonable<NetworkNode2>[]'.
  Property 'overwriteWith' is missing in type 'NetworkNode2' but required in type 'Clonable<NetworkNode2>'.
Networks/Network.ts(387,39): error TS2345: Argument of type 'NetworkLink2[]' is not assignable to parameter of type 'Clonable<NetworkLink2>[]'.
  Property 'overwriteWith' is missing in type 'NetworkLink2' but required in type 'Clonable<NetworkLink2>'.
Networks/Network.ts(388,45): error TS2345: Argument of type 'Clonable<NetworkNode2>[]' is not assignable to parameter of type 'NetworkNode2[]'.
  Type 'Clonable<NetworkNode2>' is missing the following properties from type 'NetworkNode2': defn, starsystem, drawPos, drawLoc, and 60 more.
Networks/NetworkLink.ts(2,7): error TS2420: Class 'NetworkLink2' incorrectly implements interface 'EntityPropertyBase'.
  Property 'equals' is missing in type 'NetworkLink2' but required in type 'EntityPropertyBase'.
Networks/NetworkLink.ts(71,28): error TS2322: Type 'this' is not assignable to type 'EntityPropertyBase'.
  Property 'equals' is missing in type 'NetworkLink2' but required in type 'EntityPropertyBase'.
Networks/NetworkNode.ts(85,6): error TS2345: Argument of type '(universe: Universe) => void' is not assignable to parameter of type '() => void'.
Networks/NetworkNode.ts(88,8): error TS2352: Conversion of type 'Venue' to type 'VenueWorldExtended' may be a mistake because neither type sufficiently overlaps with the other. If this was intentional, convert the expression to 'unknown' first.
Networks/NetworkNode.ts(93,8): error TS2322: Type 'VenueStarsystem' is not assignable to type 'Venue'.
Networks/NetworkNode.ts(94,29): error TS2345: Argument of type 'VenueWorldExtended' is not assignable to parameter of type 'Venue'.
  Types of property 'finalize' are incompatible.
    Type '(uwpe: UniverseWorldPlaceEntities) => void' is not assignable to type '(universe: Universe) => void'.
      Types of parameters 'uwpe' and 'universe' are incompatible.
        Type 'Universe' is not assignable to type 'UniverseWorldPlaceEntities'.
Networks/NetworkNode.ts(144,32): error TS2554: Expected 2 arguments, but got 5.
Networks/NetworkNode.ts(194,37): error TS2554: Expected 2 arguments, but got 5.
Networks/NetworkNode.ts(212,21): error TS2554: Expected 4 arguments, but got 3.
Networks/NetworkNode.ts(223,37): error TS2554: Expected 2 arguments, but got 5.
Networks/NetworkNode.ts(232,36): error TS2554: Expected 2 arguments, but got 5.
Notifications/NotificationSession.ts(100,6): error TS2345: Argument of type 'DataBinding<this, Notification2>' is not assignable to parameter of type 'DataBinding<Notification2[], any>'.
  Types of property 'context' are incompatible.
    Type 'this' is not assignable to type 'Notification2[]'.
Notifications/NotificationSession.ts(172,19): error TS2551: Property 'from9' does not exist on type 'typeof ControlButton'. Did you mean 'from8'?
Notifications/NotificationSession.ts(201,6): error TS2345: Argument of type 'string' is not assignable to parameter of type 'DataBinding<unknown, string>'.
Planets/Planet.ts(82,7): error TS2345: Argument of type '(u: Universe, w: World, p: Place, e: Entity) => gf.VisualBase' is not assignable to parameter of type '(uwpe: UniverseWorldPlaceEntities) => VisualBase'.
Ships/Device.ts(15,2): error TS2392: Multiple constructor implementations are not allowed.
Ships/Device.ts(28,2): error TS2393: Duplicate function implementation.
Ships/Order.ts(40,10): error TS2352: Conversion of type 'EntityPropertyBase' to type 'Orderable' may be a mistake because neither type sufficiently overlaps with the other. If this was intentional, convert the expression to 'unknown' first.
  Property 'order' is missing in type 'EntityPropertyBase' but required in type 'Orderable'.
Ships/Order.ts(50,2): error TS2416: Property 'equals' in type 'Orderable' is not assignable to the same property in base type 'EntityPropertyBase'.
  Type '(other: Order) => boolean' is not assignable to type '(other: EntityPropertyBase) => boolean'.
    Types of parameters 'other' and 'other' are incompatible.
      Type 'EntityPropertyBase' is missing the following properties from type 'Order': defnName, targetEntity, isComplete, defn, obey
Ships/OrderDefn.ts(49,32): error TS2339: Property 'fromDefnNameAndTarget' does not exist on type 'typeof Activity'.
Ships/OrderDefn.ts(86,18): error TS2352: Conversion of type 'Venue' to type 'VenueStarsystem' may be a mistake because neither type sufficiently overlaps with the other. If this was intentional, convert the expression to 'unknown' first.
Ships/OrderDefn.ts(104,17): error TS2339: Property 'fromDefnNameAndTarget' does not exist on type 'typeof Activity'.
Ships/Ship.ts(62,5): error TS2554: Expected 4 arguments, but got 3.
Ships/Ship.ts(249,18): error TS2352: Conversion of type 'Venue' to type 'VenueStarsystem' may be a mistake because neither type sufficiently overlaps with the other. If this was intentional, convert the expression to 'unknown' first.
Ships/Ship.ts(345,6): error TS2345: Argument of type 'DataBinding<this, number>' is not assignable to parameter of type 'DataBinding<this, string>'.
  The types returned by '_get(...)' are incompatible between these types.
    Type 'number' is not assignable to type 'string'.
Ships/Ship.ts(366,6): error TS2345: Argument of type 'DataBinding<this, number>' is not assignable to parameter of type 'DataBinding<this, string>'.
Ships/Ship.ts(395,19): error TS2352: Conversion of type 'Venue' to type 'VenueStarsystem' may be a mistake because neither type sufficiently overlaps with the other. If this was intentional, convert the expression to 'unknown' first.
Ships/Ship.ts(414,19): error TS2352: Conversion of type 'Venue' to type 'VenueStarsystem' may be a mistake because neither type sufficiently overlaps with the other. If this was intentional, convert the expression to 'unknown' first.
Ships/Ship.ts(469,19): error TS2352: Conversion of type 'Venue' to type 'VenueStarsystem' may be a mistake because neither type sufficiently overlaps with the other. If this was intentional, convert the expression to 'unknown' first.
Ships/Ship.ts(532,32): error TS2314: Generic type 'Visual<T>' requires 1 type argument(s).
Ships/Ship.ts(543,31): error TS2314: Generic type 'Visual<T>' requires 1 type argument(s).
Ships/Ship.ts(547,10): error TS2554: Expected 4 arguments, but got 3.
Starsystems/Constraint_Cursor.ts(34,2): error TS2416: Property 'constrain' in type 'Constraint_Cursor' is not assignable to the same property in base type 'Constraint'.
  Type '(universe: Universe, world: World, place: Place, body: Entity) => void' is not assignable to type '(uwpe: UniverseWorldPlaceEntities) => void'.
Starsystems/Constraint_Cursor.ts(37,16): error TS2352: Conversion of type 'Venue' to type 'VenueStarsystem' may be a mistake because neither type sufficiently overlaps with the other. If this was intentional, convert the expression to 'unknown' first.
Starsystems/Cursor.ts(21,6): error TS2739: Type 'Constraint_Cursor' is missing the following properties from type 'Constraint': clone, overwriteWith
Starsystems/Cursor.ts(68,4): error TS2345: Argument of type '(universe: Universe, world: World, place: Place, entity: Entity, display: Display) => string[]' is not assignable to parameter of type '(uwpe: UniverseWorldPlaceEntities, d: Display) => string[]'.
Starsystems/Cursor.ts(151,63): error TS2554: Expected 1 arguments, but got 2.
Starsystems/Cursor.ts(169,25): error TS2352: Conversion of type 'Venue' to type 'VenueStarsystem' may be a mistake because neither type sufficiently overlaps with the other. If this was intentional, convert the expression to 'unknown' first.
Starsystems/Starsystem.ts(207,32): error TS2352: Conversion of type 'Venue' to type 'VenueStarsystem' may be a mistake because neither type sufficiently overlaps with the other. If this was intentional, convert the expression to 'unknown' first.
Starsystems/Starsystem.ts(288,36): error TS2554: Expected 2 arguments, but got 5.
Starsystems/Starsystem.ts(315,21): error TS2352: Conversion of type 'Venue' to type 'VenueStarsystem' may be a mistake because neither type sufficiently overlaps with the other. If this was intentional, convert the expression to 'unknown' first.
Starsystems/Starsystem.ts(383,21): error TS2352: Conversion of type 'Venue' to type 'VenueStarsystem' may be a mistake because neither type sufficiently overlaps with the other. If this was intentional, convert the expression to 'unknown' first.
Starsystems/VenueStarsystem.ts(102,33): error TS2304: Cannot find name 'uwpe'.
Starsystems/VenueStarsystem.ts(121,2): error TS2416: Property 'updateForTimerTick' in type 'VenueStarsystem' is not assignable to the same property in base type 'Venue'.
  Type '(uwpe: UniverseWorldPlaceEntities) => void' is not assignable to type '(universe: Universe) => void'.
Starsystems/VenueStarsystem.ts(123,41): error TS2552: Cannot find name 'universe'. Did you mean 'Universe'?
Starsystems/VenueStarsystem.ts(150,13): error TS2552: Cannot find name 'universe'. Did you mean 'Universe'?
Starsystems/VenueStarsystem.ts(152,33): error TS2552: Cannot find name 'universe'. Did you mean 'Universe'?
Starsystems/VenueStarsystem.ts(365,23): error TS2345: Argument of type 'this' is not assignable to parameter of type 'Venue'.
  Type 'VenueStarsystem' is not assignable to type 'Venue'.
    Types of property 'updateForTimerTick' are incompatible.
      Type '(uwpe: UniverseWorldPlaceEntities) => void' is not assignable to type '(universe: Universe) => void'.
Starsystems/VenueStarsystem.ts(523,19): error TS2352: Conversion of type 'Venue' to type 'VenueStarsystem' may be a mistake because neither type sufficiently overlaps with the other. If this was intentional, convert the expression to 'unknown' first.
Talk/DiplomaticSession.ts(131,6): error TS2345: Argument of type 'DataBinding<this, Faction>' is not assignable to parameter of type 'DataBinding<Faction[], any>'.
  Types of property 'context' are incompatible.
    Type 'this' is not assignable to type 'Faction[]'.
Talk/TalkDefn.ts(18,26): error TS2339: Property 'parameters' does not exist on type 'TalkNode'.
Talk/TalkDefn.ts(19,33): error TS2339: Property 'Underscore' does not exist on type 'typeof TalkNode'.
Talk/TalkDefn.ts(27,31): error TS2339: Property 'Underscore' does not exist on type 'typeof TalkNode'.
Talk/TalkSession.ts(9,16): error TS2304: Cannot find name 'TalkScope'.
Talk/TalkSession.ts(21,27): error TS2304: Cannot find name 'TalkScope'.
Talk/TalkSession.ts(176,28): error TS2339: Property 'fromString' does not exist on type 'typeof TalkNode'.
Technology/TechnologyResearchSession.ts(141,6): error TS2345: Argument of type 'DataBinding<TechnologyResearcher, string>' is not assignable to parameter of type 'DataBinding<this, any>'.
  Types of property 'context' are incompatible.
    Type 'TechnologyResearcher' is not assignable to type 'this'.
      'this' could be instantiated with an arbitrary type which could be unrelated to 'TechnologyResearcher'.
Technology/TechnologyResearchSession.ts(189,6): error TS2345: Argument of type 'DataBinding<TechnologyResearcher, number>' is not assignable to parameter of type 'DataBinding<TechnologyResearcher, string>'.
  The types returned by '_get(...)' are incompatible between these types.
    Type 'number' is not assignable to type 'string'.
Technology/TechnologyResearchSession.ts(211,6): error TS2345: Argument of type 'DataBinding<this, number>' is not assignable to parameter of type 'DataBinding<this, string>'.
  The types returned by '_get(...)' are incompatible between these types.
    Type 'number' is not assignable to type 'string'.
VenueWorld.ts(232,2): error TS2416: Property 'finalize' in type 'VenueWorldExtended' is not assignable to the same property in base type 'VenueWorld'.
  Type '(uwpe: UniverseWorldPlaceEntities) => void' is not assignable to type '(universe: Universe) => void'.
    Types of parameters 'uwpe' and 'universe' are incompatible.
      Type 'Universe' is missing the following properties from type 'UniverseWorldPlaceEntities': universe, place, entity, entity2, and 8 more.
VenueWorld.ts(240,25): error TS2345: Argument of type 'Universe' is not assignable to parameter of type 'UniverseWorldPlaceEntities'.
VenueWorld.ts(277,14): error TS2554: Expected 1 arguments, but got 4.
VenueWorld.ts(341,11): error TS2322: Type 'VenueStarsystem' is not assignable to type 'Venue'.
  Types of property 'updateForTimerTick' are incompatible.
    Type '(uwpe: UniverseWorldPlaceEntities) => void' is not assignable to type '(universe: Universe) => void'.
      Types of parameters 'uwpe' and 'universe' are incompatible.
        Type 'Universe' is not assignable to type 'UniverseWorldPlaceEntities'.
World.ts(301,20): error TS2352: Conversion of type 'Venue' to type 'VenueStarsystem' may be a mistake because neither type sufficiently overlaps with the other. If this was intentional, convert the expression to 'unknown' first.
World.ts(505,3): error TS2322: Type 'VenueWorldExtended' is not assignable to type 'VenueWorld'.
  Types of property 'finalize' are incompatible.
    Type '(uwpe: UniverseWorldPlaceEntities) => void' is not assignable to type '(universe: Universe) => void'.
